<?xml version="1.0" encoding="UTF-8"?>
<testng-results total="1" passed="1" failed="0" skipped="0">
  <reporter-output>
  </reporter-output>
  <suite started-at="2023-02-01T16:53:36Z" name="Default suite" finished-at="2023-02-01T16:53:55Z" duration-ms="19035">
    <groups>
    </groups>
    <test started-at="2023-02-01T16:53:36Z" name="Default test" finished-at="2023-02-01T16:53:55Z" duration-ms="19035">
      <class name="scenarios.DashboardTest">
        <test-method is-config="true" signature="setUp()[pri:0, instance:scenarios.DashboardTest@282cb7c7]" started-at="2023-02-01T22:23:36Z" name="setUp" finished-at="2023-02-01T22:23:38Z" duration-ms="2069" status="PASS">
          <reporter-output>
          </reporter-output>
        </test-method> <!-- setUp -->
        <test-method signature="verifyDashboard()[pri:0, instance:scenarios.DashboardTest@282cb7c7]" started-at="2023-02-01T22:23:38Z" name="verifyDashboard" finished-at="2023-02-01T22:23:39Z" duration-ms="711" status="PASS">
          <reporter-output>
          </reporter-output>
        </test-method> <!-- verifyDashboard -->
        <test-method is-config="true" signature="tearDown()[pri:0, instance:scenarios.DashboardTest@282cb7c7]" started-at="2023-02-01T22:23:39Z" name="tearDown" finished-at="2023-02-01T22:23:55Z" duration-ms="16247" status="PASS">
          <reporter-output>
          </reporter-output>
        </test-method> <!-- tearDown -->
      </class> <!-- scenarios.DashboardTest -->
    </test> <!-- Default test -->
  </suite> <!-- Default suite -->
</testng-results>
